{
  "RSpec": {
    "coverage": {
      "/Users/ViviPoit/Documents/visit-jeri/app/controllers/application_controller.rb": [
        1,
        null
      ],
      "/Users/ViviPoit/Documents/visit-jeri/app/helpers/application_helper.rb": [
        1,
        null
      ],
      "/Users/ViviPoit/Documents/visit-jeri/app/models/admin_user.rb": [
        1,
        1,
        null,
        null
      ],
      "/Users/ViviPoit/Documents/visit-jeri/app/models/application_record.rb": [
        1,
        1,
        null
      ],
      "/Users/ViviPoit/Documents/visit-jeri/app/admin/menus.rb": [
        1,
        1,
        null,
        1,
        1,
        1,
        1,
        1,
        null,
        null,
        1,
        null,
        1,
        1,
        1,
        null,
        1,
        null,
        null,
        1,
        1,
        1,
        1,
        null,
        null,
        null,
        1,
        0,
        0,
        null,
        null,
        null,
        null,
        null
      ],
      "/Users/ViviPoit/Documents/visit-jeri/app/models/menu.rb": [
        1,
        1,
        null
      ],
      "/Users/ViviPoit/Documents/visit-jeri/app/admin/dashboard.rb": [
        1,
        14,
        null,
        9,
        4,
        4,
        4,
        4,
        null,
        null,
        null,
        null,
        null,
        null,
        null,
        null,
        null,
        null,
        null,
        null,
        null,
        null,
        null,
        null,
        null,
        null,
        null,
        null,
        null,
        null,
        null,
        null
      ],
      "/Users/ViviPoit/Documents/visit-jeri/app/admin/content_locales.rb": [
        1,
        1,
        null,
        1,
        1,
        1,
        1,
        1,
        1,
        null,
        null,
        1,
        1,
        null,
        1,
        1,
        1,
        1,
        null,
        1,
        null,
        null,
        1,
        1,
        1,
        1,
        null,
        null,
        null,
        1,
        0,
        0,
        null,
        null,
        null,
        null,
        null
      ],
      "/Users/ViviPoit/Documents/visit-jeri/app/models/content_locale.rb": [
        1,
        1,
        null
      ],
      "/Users/ViviPoit/Documents/visit-jeri/app/admin/menu_locales.rb": [
        1,
        1,
        null,
        1,
        1,
        1,
        1,
        1,
        1,
        1,
        null,
        null,
        1,
        1,
        1,
        null,
        1,
        1,
        1,
        1,
        1,
        null,
        1,
        null,
        null,
        1,
        1,
        1,
        1,
        null,
        null,
        null,
        1,
        0,
        0,
        null,
        null,
        null,
        null,
        null
      ],
      "/Users/ViviPoit/Documents/visit-jeri/app/models/menu_locale.rb": [
        1,
        1,
        1,
        null
      ],
      "/Users/ViviPoit/Documents/visit-jeri/app/admin/admin_users.rb": [
        1,
        1,
        null,
        1,
        0,
        0,
        0,
        0,
        0,
        null,
        null,
        1,
        1,
        null,
        1,
        0,
        0,
        0,
        0,
        null,
        0,
        null,
        null,
        null
      ],
      "/Users/ViviPoit/Documents/visit-jeri/app/controllers/home_controller.rb": [
        1,
        null
      ],
      "/Users/ViviPoit/Documents/visit-jeri/app/mailers/application_mailer.rb": [
        0,
        0,
        0,
        0
      ],
      "/Users/ViviPoit/Documents/visit-jeri/app/jobs/application_job.rb": [
        0,
        0
      ],
      "/Users/ViviPoit/Documents/visit-jeri/app/channels/application_cable/connection.rb": [
        0,
        0,
        0,
        0
      ],
      "/Users/ViviPoit/Documents/visit-jeri/app/channels/application_cable/channel.rb": [
        0,
        0,
        0,
        0
      ]
    },
    "timestamp": 1564873113
  }
}
